<?xml version="1.0" encoding="UTF-8"?>
<!-- Generated by org.testng.reporters.JUnitReportReporter -->
<testsuite hostname="DESKTOP-MHJABKI" name="com.clariontest.selenium.Demo" tests="1" failures="0" timestamp="7 Sep 2020 07:33:01 GMT" time="0.014" errors="0">
  <testcase name="testHello" time="0.014" classname="com.clariontest.selenium.Demo"/>
</testsuite> <!-- com.clariontest.selenium.Demo -->
